android/app/build/intermediates/manifest_merge_blame_file/release/manifest-merger-blame-release-report.txt
1<?xml version="1.0" encoding="utf-8"?>
2<manifest xmlns:android="http://schemas.android.com/apk/res/android"
3    package="com.marketin"
4    android:versionCode="1"
5    android:versionName="1.0" >
6
7    <uses-sdk
8        android:minSdkVersion="21"
8-->src\main\AndroidManifest.xml
9        android:targetSdkVersion="30" />
9-->src\main\AndroidManifest.xml
10
11    <uses-permission android:name="android.permission.INTERNET" />
11-->src\main\AndroidManifest.xml:4:5-67
11-->src\main\AndroidManifest.xml:4:22-64
12    <uses-permission android:name="android.permission.ACCESS_NETWORK_STATE" />
12-->[:react-native-community_netinfo] AndroidManifest.xml:9:5-79
12-->[:react-native-community_netinfo] AndroidManifest.xml:9:22-76
13    <uses-permission android:name="android.permission.ACCESS_WIFI_STATE" />
13-->[:react-native-community_netinfo] AndroidManifest.xml:10:5-76
13-->[:react-native-community_netinfo] AndroidManifest.xml:10:22-73
14
15    <queries>
15-->[:react-native-image-crop-picker] AndroidManifest.xml:9:5-13:15
16        <intent>
16-->[:react-native-image-crop-picker] AndroidManifest.xml:10:9-12:18
17            <action android:name="android.media.action.IMAGE_CAPTURE" />
17-->[:react-native-image-crop-picker] AndroidManifest.xml:11:13-73
17-->[:react-native-image-crop-picker] AndroidManifest.xml:11:21-70
18        </intent>
19    </queries>
20
21    <uses-permission android:name="android.permission.WRITE_EXTERNAL_STORAGE" />
21-->[:react-native-image-crop-picker] AndroidManifest.xml:15:5-81
21-->[:react-native-image-crop-picker] AndroidManifest.xml:15:22-78
22
23    <application
23-->src\main\AndroidManifest.xml:7:5-25:19
24        android:name="com.marketin.MainApplication"
24-->src\main\AndroidManifest.xml:8:7-38
25        android:allowBackup="false"
25-->src\main\AndroidManifest.xml:12:7-34
26        android:appComponentFactory="androidx.core.app.CoreComponentFactory"
26-->[androidx.core:core:1.6.0] AndroidManifest.xml:24:18-86
27        android:icon="@mipmap/ic_launcher"
27-->src\main\AndroidManifest.xml:10:7-41
28        android:label="@string/app_name"
28-->src\main\AndroidManifest.xml:9:7-39
29        android:roundIcon="@mipmap/ic_launcher_round"
29-->src\main\AndroidManifest.xml:11:7-52
30        android:theme="@style/AppTheme" >
30-->src\main\AndroidManifest.xml:13:7-38
31        <activity
31-->src\main\AndroidManifest.xml:14:7-24:18
32            android:name="com.marketin.MainActivity"
32-->src\main\AndroidManifest.xml:15:9-37
33            android:configChanges="keyboard|keyboardHidden|orientation|screenSize|uiMode"
33-->src\main\AndroidManifest.xml:17:9-86
34            android:label="@string/app_name"
34-->src\main\AndroidManifest.xml:16:9-41
35            android:launchMode="singleTask"
35-->src\main\AndroidManifest.xml:18:9-40
36            android:windowSoftInputMode="adjustResize" >
36-->src\main\AndroidManifest.xml:19:9-51
37            <intent-filter>
37-->src\main\AndroidManifest.xml:20:9-23:25
38                <action android:name="android.intent.action.MAIN" />
38-->src\main\AndroidManifest.xml:21:13-65
38-->src\main\AndroidManifest.xml:21:21-62
39
40                <category android:name="android.intent.category.LAUNCHER" />
40-->src\main\AndroidManifest.xml:22:13-73
40-->src\main\AndroidManifest.xml:22:23-70
41            </intent-filter>
42        </activity>
43
44        <provider
44-->[:react-native-image-crop-picker] AndroidManifest.xml:18:9-26:20
45            android:name="androidx.core.content.FileProvider"
45-->[:react-native-image-crop-picker] AndroidManifest.xml:19:13-62
46            android:authorities="com.marketin.provider"
46-->[:react-native-image-crop-picker] AndroidManifest.xml:20:13-60
47            android:exported="false"
47-->[:react-native-image-crop-picker] AndroidManifest.xml:21:13-37
48            android:grantUriPermissions="true" >
48-->[:react-native-image-crop-picker] AndroidManifest.xml:22:13-47
49            <meta-data
49-->[:react-native-image-crop-picker] AndroidManifest.xml:23:13-25:58
50                android:name="android.support.FILE_PROVIDER_PATHS"
50-->[:react-native-image-crop-picker] AndroidManifest.xml:24:17-67
51                android:resource="@xml/provider_paths" />
51-->[:react-native-image-crop-picker] AndroidManifest.xml:25:17-55
52        </provider>
53
54        <activity
54-->[:react-native-image-crop-picker] AndroidManifest.xml:28:9-30:72
55            android:name="com.yalantis.ucrop.UCropActivity"
55-->[:react-native-image-crop-picker] AndroidManifest.xml:29:13-60
56            android:theme="@style/Theme.AppCompat.Light.NoActionBar" />
56-->[:react-native-image-crop-picker] AndroidManifest.xml:30:13-69
57
58        <provider
58-->[:react-native-image-picker] AndroidManifest.xml:10:9-18:20
59            android:name="com.imagepicker.ImagePickerProvider"
59-->[:react-native-image-picker] AndroidManifest.xml:11:13-63
60            android:authorities="com.marketin.imagepickerprovider"
60-->[:react-native-image-picker] AndroidManifest.xml:12:13-71
61            android:exported="false"
61-->[:react-native-image-picker] AndroidManifest.xml:13:13-37
62            android:grantUriPermissions="true" >
62-->[:react-native-image-picker] AndroidManifest.xml:14:13-47
63            <meta-data
63-->[:react-native-image-crop-picker] AndroidManifest.xml:23:13-25:58
64                android:name="android.support.FILE_PROVIDER_PATHS"
64-->[:react-native-image-crop-picker] AndroidManifest.xml:24:17-67
65                android:resource="@xml/imagepicker_provider_paths" />
65-->[:react-native-image-crop-picker] AndroidManifest.xml:25:17-55
66        </provider>
67    </application>
68
69</manifest>